<?xml version="1.0" encoding="UTF-8"?>
<!-- Generated by org.testng.reporters.JUnitXMLReporter -->
<testsuite ignored="0" hostname="Libi" failures="0" tests="2" name="AuditAndControls" time="200.99" errors="0" timestamp="2020-09-24T14:43:15 EDT">
  <testcase classname="com.workday.product.tests.FinancialManagemnt_AuditAndControls" name="auditTest" time="121.619"/>
  <testcase classname="com.workday.product.tests.FinancialManagemnt_AccountingFinance" name="fmTest" time="79.107"/>
</testsuite> <!-- AuditAndControls -->
