<?xml version="1.0" encoding="UTF-8"?>
<testng-results ignored="0" total="2" passed="2" failed="0" skipped="0">
  <reporter-output>
  </reporter-output>
  <suite started-at="2020-09-24T14:39:53 EDT" name="Products" finished-at="2020-09-24T14:43:14 EDT" duration-ms="200990">
    <groups>
    </groups>
    <test started-at="2020-09-24T14:39:53 EDT" name="AuditAndControls" finished-at="2020-09-24T14:43:14 EDT" duration-ms="200990">
      <class name="com.workday.product.tests.FinancialManagemnt_AccountingFinance">
        <test-method signature="fmTest()[pri:0, instance:com.workday.product.tests.FinancialManagemnt_AccountingFinance@55f616cf]" started-at="2020-09-24T14:41:55 EDT" name="fmTest" finished-at="2020-09-24T14:43:14 EDT" duration-ms="79107" status="PASS">
          <reporter-output>
          </reporter-output>
        </test-method> <!-- fmTest -->
      </class> <!-- com.workday.product.tests.FinancialManagemnt_AccountingFinance -->
      <class name="com.workday.product.tests.FinancialManagemnt_AuditAndControls">
        <test-method signature="auditTest()[pri:0, instance:com.workday.product.tests.FinancialManagemnt_AuditAndControls@609db43b]" started-at="2020-09-24T14:39:53 EDT" name="auditTest" finished-at="2020-09-24T14:41:55 EDT" duration-ms="121619" status="PASS">
          <reporter-output>
          </reporter-output>
        </test-method> <!-- auditTest -->
      </class> <!-- com.workday.product.tests.FinancialManagemnt_AuditAndControls -->
    </test> <!-- AuditAndControls -->
  </suite> <!-- Products -->
</testng-results>
